  [1m[35m (2178.5ms)[0m  [1m[35mCREATE DATABASE "playdate_development" ENCODING = 'unicode'[0m
  ↳ bin/rails:9
  [1m[35m (260.9ms)[0m  [1m[35mCREATE DATABASE "playdate_test" ENCODING = 'unicode'[0m
  ↳ bin/rails:9
  [1m[35m (77.6ms)[0m  [1m[35mCREATE TABLE "schema_migrations" ("version" character varying NOT NULL PRIMARY KEY)[0m
  ↳ bin/rails:9
  [1m[35m (32.0ms)[0m  [1m[35mCREATE TABLE "ar_internal_metadata" ("key" character varying NOT NULL PRIMARY KEY, "value" character varying, "created_at" timestamp NOT NULL, "updated_at" timestamp NOT NULL)[0m
  ↳ bin/rails:9
  [1m[35m (4.0ms)[0m  [1m[34mSELECT pg_try_advisory_lock(2958126879177119370)[0m
  ↳ bin/rails:9
  [1m[35m (3.7ms)[0m  [1m[34mSELECT "schema_migrations"."version" FROM "schema_migrations" ORDER BY "schema_migrations"."version" ASC[0m
  ↳ bin/rails:9
Migrating to CreateUsers (20181106025648)
  [1m[35m (0.3ms)[0m  [1m[35mBEGIN[0m
  ↳ bin/rails:9
  [1m[35m (48.5ms)[0m  [1m[35mCREATE TABLE "users" ("id" bigserial primary key, "username" character varying, "password_digest" character varying, "created_at" timestamp NOT NULL, "updated_at" timestamp NOT NULL)[0m
  ↳ db/migrate/20181106025648_create_users.rb:3
  [1m[36mActiveRecord::SchemaMigration Create (40.3ms)[0m  [1m[32mINSERT INTO "schema_migrations" ("version") VALUES ($1) RETURNING "version"[0m  [["version", "20181106025648"]]
  ↳ bin/rails:9
  [1m[35m (3.7ms)[0m  [1m[35mCOMMIT[0m
  ↳ bin/rails:9
Migrating to CreateEvents (20181106025727)
  [1m[35m (5.7ms)[0m  [1m[35mBEGIN[0m
  ↳ bin/rails:9
  [1m[35m (22.3ms)[0m  [1m[35mCREATE TABLE "events" ("id" bigserial primary key, "time" timestamp, "location" character varying, "img" character varying, "description" character varying, "created_at" timestamp NOT NULL, "updated_at" timestamp NOT NULL)[0m
  ↳ db/migrate/20181106025727_create_events.rb:3
  [1m[36mActiveRecord::SchemaMigration Create (0.6ms)[0m  [1m[32mINSERT INTO "schema_migrations" ("version") VALUES ($1) RETURNING "version"[0m  [["version", "20181106025727"]]
  ↳ bin/rails:9
  [1m[35m (2.8ms)[0m  [1m[35mCOMMIT[0m
  ↳ bin/rails:9
Migrating to CreateLikes (20181106030104)
  [1m[35m (5.8ms)[0m  [1m[35mBEGIN[0m
  ↳ bin/rails:9
  [1m[35m (27.6ms)[0m  [1m[35mCREATE TABLE "likes" ("id" bigserial primary key, "user_id" bigint, "event_id" bigint, "created_at" timestamp NOT NULL, "updated_at" timestamp NOT NULL, CONSTRAINT "fk_rails_1e09b5dabf"
FOREIGN KEY ("user_id")
  REFERENCES "users" ("id")
, CONSTRAINT "fk_rails_7a4fd8605c"
FOREIGN KEY ("event_id")
  REFERENCES "events" ("id")
)[0m
  ↳ db/migrate/20181106030104_create_likes.rb:3
  [1m[35m (3.1ms)[0m  [1m[35mCREATE  INDEX  "index_likes_on_user_id" ON "likes"  ("user_id")[0m
  ↳ db/migrate/20181106030104_create_likes.rb:3
  [1m[35m (3.0ms)[0m  [1m[35mCREATE  INDEX  "index_likes_on_event_id" ON "likes"  ("event_id")[0m
  ↳ db/migrate/20181106030104_create_likes.rb:3
  [1m[36mActiveRecord::SchemaMigration Create (0.5ms)[0m  [1m[32mINSERT INTO "schema_migrations" ("version") VALUES ($1) RETURNING "version"[0m  [["version", "20181106030104"]]
  ↳ bin/rails:9
  [1m[35m (2.3ms)[0m  [1m[35mCOMMIT[0m
  ↳ bin/rails:9
Migrating to CreateReviews (20181106030112)
  [1m[35m (5.6ms)[0m  [1m[35mBEGIN[0m
  ↳ bin/rails:9
  [1m[35m (24.9ms)[0m  [1m[35mCREATE TABLE "reviews" ("id" bigserial primary key, "review" character varying, "rating" integer, "user_id" bigint, "event_id" bigint, "created_at" timestamp NOT NULL, "updated_at" timestamp NOT NULL, CONSTRAINT "fk_rails_74a66bd6c5"
FOREIGN KEY ("user_id")
  REFERENCES "users" ("id")
, CONSTRAINT "fk_rails_6429803e23"
FOREIGN KEY ("event_id")
  REFERENCES "events" ("id")
)[0m
  ↳ db/migrate/20181106030112_create_reviews.rb:3
  [1m[35m (3.1ms)[0m  [1m[35mCREATE  INDEX  "index_reviews_on_user_id" ON "reviews"  ("user_id")[0m
  ↳ db/migrate/20181106030112_create_reviews.rb:3
  [1m[35m (5.7ms)[0m  [1m[35mCREATE  INDEX  "index_reviews_on_event_id" ON "reviews"  ("event_id")[0m
  ↳ db/migrate/20181106030112_create_reviews.rb:3
  [1m[36mActiveRecord::SchemaMigration Create (0.6ms)[0m  [1m[32mINSERT INTO "schema_migrations" ("version") VALUES ($1) RETURNING "version"[0m  [["version", "20181106030112"]]
  ↳ bin/rails:9
  [1m[35m (2.3ms)[0m  [1m[35mCOMMIT[0m
  ↳ bin/rails:9
Migrating to CreateGos (20181106030122)
  [1m[35m (0.4ms)[0m  [1m[35mBEGIN[0m
  ↳ bin/rails:9
  [1m[35m (13.5ms)[0m  [1m[35mCREATE TABLE "gos" ("id" bigserial primary key, "user_id" bigint, "event_id" bigint, "created_at" timestamp NOT NULL, "updated_at" timestamp NOT NULL, CONSTRAINT "fk_rails_9c533776f4"
FOREIGN KEY ("user_id")
  REFERENCES "users" ("id")
, CONSTRAINT "fk_rails_57acf5a43e"
FOREIGN KEY ("event_id")
  REFERENCES "events" ("id")
)[0m
  ↳ db/migrate/20181106030122_create_gos.rb:3
  [1m[35m (5.9ms)[0m  [1m[35mCREATE  INDEX  "index_gos_on_user_id" ON "gos"  ("user_id")[0m
  ↳ db/migrate/20181106030122_create_gos.rb:3
  [1m[35m (4.1ms)[0m  [1m[35mCREATE  INDEX  "index_gos_on_event_id" ON "gos"  ("event_id")[0m
  ↳ db/migrate/20181106030122_create_gos.rb:3
  [1m[36mActiveRecord::SchemaMigration Create (1.0ms)[0m  [1m[32mINSERT INTO "schema_migrations" ("version") VALUES ($1) RETURNING "version"[0m  [["version", "20181106030122"]]
  ↳ bin/rails:9
  [1m[35m (3.5ms)[0m  [1m[35mCOMMIT[0m
  ↳ bin/rails:9
  [1m[36mActiveRecord::InternalMetadata Load (1.0ms)[0m  [1m[34mSELECT  "ar_internal_metadata".* FROM "ar_internal_metadata" WHERE "ar_internal_metadata"."key" = $1 LIMIT $2[0m  [["key", "environment"], ["LIMIT", 1]]
  ↳ bin/rails:9
  [1m[35m (0.4ms)[0m  [1m[35mBEGIN[0m
  ↳ bin/rails:9
  [1m[36mActiveRecord::InternalMetadata Create (2.2ms)[0m  [1m[32mINSERT INTO "ar_internal_metadata" ("key", "value", "created_at", "updated_at") VALUES ($1, $2, $3, $4) RETURNING "key"[0m  [["key", "environment"], ["value", "development"], ["created_at", "2018-11-06 03:07:32.419990"], ["updated_at", "2018-11-06 03:07:32.419990"]]
  ↳ bin/rails:9
  [1m[35m (4.4ms)[0m  [1m[35mCOMMIT[0m
  ↳ bin/rails:9
  [1m[35m (0.5ms)[0m  [1m[34mSELECT pg_advisory_unlock(2958126879177119370)[0m
  ↳ bin/rails:9
  [1m[35m (4.4ms)[0m  [1m[34mSELECT "schema_migrations"."version" FROM "schema_migrations" ORDER BY "schema_migrations"."version" ASC[0m
  ↳ bin/rails:9
  [1m[35m (14.5ms)[0m  [1m[35mCREATE DATABASE "playdate_development" ENCODING = 'unicode'[0m
  ↳ bin/rails:9
  [1m[35m (1.2ms)[0m  [1m[35mCREATE DATABASE "playdate_test" ENCODING = 'unicode'[0m
  ↳ bin/rails:9
  [1m[35m (0.4ms)[0m  [1m[34mSELECT pg_try_advisory_lock(2958126879177119370)[0m
  ↳ bin/rails:9
  [1m[35m (7.1ms)[0m  [1m[34mSELECT "schema_migrations"."version" FROM "schema_migrations" ORDER BY "schema_migrations"."version" ASC[0m
  ↳ bin/rails:9
Migrating to CreateUsers (20181106032918)
  [1m[35m (0.8ms)[0m  [1m[35mBEGIN[0m
  ↳ bin/rails:9
  [1m[35m (40.5ms)[0m  [1m[35mCREATE TABLE "users" ("id" bigserial primary key, "username" character varying, "password_digest" character varying, "created_at" timestamp NOT NULL, "updated_at" timestamp NOT NULL)[0m
  ↳ db/migrate/20181106032918_create_users.rb:3
  [1m[35m (0.2ms)[0m  [1m[31mROLLBACK[0m
  ↳ bin/rails:9
  [1m[35m (0.4ms)[0m  [1m[34mSELECT pg_advisory_unlock(2958126879177119370)[0m
  ↳ bin/rails:9
  [1m[35m (3.0ms)[0m  [1m[35mCREATE DATABASE "playdate_development" ENCODING = 'unicode'[0m
  ↳ bin/rails:9
  [1m[35m (0.5ms)[0m  [1m[35mCREATE DATABASE "playdate_test" ENCODING = 'unicode'[0m
  ↳ bin/rails:9
  [1m[35m (0.5ms)[0m  [1m[34mSELECT pg_try_advisory_lock(2958126879177119370)[0m
  ↳ bin/rails:9
  [1m[35m (1.8ms)[0m  [1m[34mSELECT "schema_migrations"."version" FROM "schema_migrations" ORDER BY "schema_migrations"."version" ASC[0m
  ↳ bin/rails:9
Migrating to CreateUsers (20181106032918)
  [1m[35m (0.4ms)[0m  [1m[35mBEGIN[0m
  ↳ bin/rails:9
  [1m[35m (11.8ms)[0m  [1m[35mCREATE TABLE "users" ("id" bigserial primary key, "username" character varying, "password_digest" character varying, "created_at" timestamp NOT NULL, "updated_at" timestamp NOT NULL)[0m
  ↳ db/migrate/20181106032918_create_users.rb:3
  [1m[35m (0.3ms)[0m  [1m[31mROLLBACK[0m
  ↳ bin/rails:9
  [1m[35m (0.5ms)[0m  [1m[34mSELECT pg_advisory_unlock(2958126879177119370)[0m
  ↳ bin/rails:9
  [1m[35m (1.1ms)[0m  [1m[34mSELECT "schema_migrations"."version" FROM "schema_migrations" ORDER BY "schema_migrations"."version" ASC[0m
  ↳ /Users/YY/.rvm/gems/ruby-2.5.0@global/bin/rake:23
  [1m[35m (0.7ms)[0m  [1m[34mSELECT "ar_internal_metadata"."value" FROM "ar_internal_metadata" WHERE "ar_internal_metadata"."key" = $1[0m  [["key", "environment"]]
  ↳ /Users/YY/.rvm/gems/ruby-2.5.0@global/bin/rake:23
  [1m[35m (0.4ms)[0m  [1m[34mSELECT "schema_migrations"."version" FROM "schema_migrations" ORDER BY "schema_migrations"."version" ASC[0m
  ↳ /Users/YY/.rvm/gems/ruby-2.5.0@global/bin/rake:23
  [1m[35m (0.3ms)[0m  [1m[34mSELECT "ar_internal_metadata"."value" FROM "ar_internal_metadata" WHERE "ar_internal_metadata"."key" = $1[0m  [["key", "environment"]]
  ↳ /Users/YY/.rvm/gems/ruby-2.5.0@global/bin/rake:23
  [1m[35m (0.4ms)[0m  [1m[34mSELECT "schema_migrations"."version" FROM "schema_migrations" ORDER BY "schema_migrations"."version" ASC[0m
  ↳ /Users/YY/.rvm/gems/ruby-2.5.0@global/bin/rake:23
  [1m[35m (0.3ms)[0m  [1m[34mSELECT "ar_internal_metadata"."value" FROM "ar_internal_metadata" WHERE "ar_internal_metadata"."key" = $1[0m  [["key", "environment"]]
  ↳ /Users/YY/.rvm/gems/ruby-2.5.0@global/bin/rake:23
  [1m[35m (134.9ms)[0m  [1m[35mDROP DATABASE IF EXISTS "playdate_development"[0m
  ↳ /Users/YY/.rvm/gems/ruby-2.5.0@global/bin/rake:23
  [1m[35m (129.3ms)[0m  [1m[35mDROP DATABASE IF EXISTS "playdate_test"[0m
  ↳ /Users/YY/.rvm/gems/ruby-2.5.0@global/bin/rake:23
  [1m[35m (385.8ms)[0m  [1m[35mCREATE DATABASE "playdate_development" ENCODING = 'unicode'[0m
  ↳ /Users/YY/.rvm/gems/ruby-2.5.0@global/bin/rake:23
  [1m[35m (288.1ms)[0m  [1m[35mCREATE DATABASE "playdate_test" ENCODING = 'unicode'[0m
  ↳ /Users/YY/.rvm/gems/ruby-2.5.0@global/bin/rake:23
  [1m[35m (2.8ms)[0m  [1m[35mCREATE DATABASE "playdate_development" ENCODING = 'unicode'[0m
  ↳ bin/rails:9
  [1m[35m (0.9ms)[0m  [1m[35mCREATE DATABASE "playdate_test" ENCODING = 'unicode'[0m
  ↳ bin/rails:9
  [1m[35m (58.5ms)[0m  [1m[35mCREATE TABLE "schema_migrations" ("version" character varying NOT NULL PRIMARY KEY)[0m
  ↳ bin/rails:9
  [1m[35m (24.2ms)[0m  [1m[35mCREATE TABLE "ar_internal_metadata" ("key" character varying NOT NULL PRIMARY KEY, "value" character varying, "created_at" timestamp NOT NULL, "updated_at" timestamp NOT NULL)[0m
  ↳ bin/rails:9
  [1m[35m (0.5ms)[0m  [1m[34mSELECT pg_try_advisory_lock(2958126879177119370)[0m
  ↳ bin/rails:9
  [1m[35m (3.7ms)[0m  [1m[34mSELECT "schema_migrations"."version" FROM "schema_migrations" ORDER BY "schema_migrations"."version" ASC[0m
  ↳ bin/rails:9
Migrating to CreateLikes (20181106030104)
  [1m[35m (0.5ms)[0m  [1m[35mBEGIN[0m
  ↳ bin/rails:9
  [1m[35m (36.3ms)[0m  [1m[35mCREATE TABLE "likes" ("id" bigserial primary key, "user_id" bigint, "event_id" bigint, "created_at" timestamp NOT NULL, "updated_at" timestamp NOT NULL, CONSTRAINT "fk_rails_1e09b5dabf"
FOREIGN KEY ("user_id")
  REFERENCES "users" ("id")
, CONSTRAINT "fk_rails_7a4fd8605c"
FOREIGN KEY ("event_id")
  REFERENCES "events" ("id")
)[0m
  ↳ db/migrate/20181106030104_create_likes.rb:3
  [1m[35m (0.4ms)[0m  [1m[31mROLLBACK[0m
  ↳ bin/rails:9
  [1m[35m (0.9ms)[0m  [1m[34mSELECT pg_advisory_unlock(2958126879177119370)[0m
  ↳ bin/rails:9
  [1m[35m (1.9ms)[0m  [1m[34mSELECT "schema_migrations"."version" FROM "schema_migrations" ORDER BY "schema_migrations"."version" ASC[0m
  ↳ /Users/YY/.rvm/gems/ruby-2.5.0@global/bin/rake:23
  [1m[35m (0.6ms)[0m  [1m[34mSELECT "schema_migrations"."version" FROM "schema_migrations" ORDER BY "schema_migrations"."version" ASC[0m
  ↳ /Users/YY/.rvm/gems/ruby-2.5.0@global/bin/rake:23
  [1m[35m (129.6ms)[0m  [1m[35mDROP DATABASE IF EXISTS "playdate_development"[0m
  ↳ /Users/YY/.rvm/gems/ruby-2.5.0@global/bin/rake:23
  [1m[35m (132.7ms)[0m  [1m[35mDROP DATABASE IF EXISTS "playdate_test"[0m
  ↳ /Users/YY/.rvm/gems/ruby-2.5.0@global/bin/rake:23
  [1m[35m (432.7ms)[0m  [1m[35mCREATE DATABASE "playdate_development" ENCODING = 'unicode'[0m
  ↳ /Users/YY/.rvm/gems/ruby-2.5.0@global/bin/rake:23
  [1m[35m (268.7ms)[0m  [1m[35mCREATE DATABASE "playdate_test" ENCODING = 'unicode'[0m
  ↳ /Users/YY/.rvm/gems/ruby-2.5.0@global/bin/rake:23
  [1m[35m (39.0ms)[0m  [1m[35mCREATE TABLE "schema_migrations" ("version" character varying NOT NULL PRIMARY KEY)[0m
  ↳ bin/rails:9
  [1m[35m (36.7ms)[0m  [1m[35mCREATE TABLE "ar_internal_metadata" ("key" character varying NOT NULL PRIMARY KEY, "value" character varying, "created_at" timestamp NOT NULL, "updated_at" timestamp NOT NULL)[0m
  ↳ bin/rails:9
  [1m[35m (0.6ms)[0m  [1m[34mSELECT pg_try_advisory_lock(2958126879177119370)[0m
  ↳ bin/rails:9
  [1m[35m (1.8ms)[0m  [1m[34mSELECT "schema_migrations"."version" FROM "schema_migrations" ORDER BY "schema_migrations"."version" ASC[0m
  ↳ bin/rails:9
Migrating to CreateLikes (20181106030104)
  [1m[35m (0.4ms)[0m  [1m[35mBEGIN[0m
  ↳ bin/rails:9
  [1m[35m (29.5ms)[0m  [1m[35mCREATE TABLE "likes" ("id" bigserial primary key, "user_id" bigint, "event_id" bigint, "created_at" timestamp NOT NULL, "updated_at" timestamp NOT NULL, CONSTRAINT "fk_rails_1e09b5dabf"
FOREIGN KEY ("user_id")
  REFERENCES "users" ("id")
, CONSTRAINT "fk_rails_7a4fd8605c"
FOREIGN KEY ("event_id")
  REFERENCES "events" ("id")
)[0m
  ↳ db/migrate/20181106030104_create_likes.rb:3
  [1m[35m (0.4ms)[0m  [1m[31mROLLBACK[0m
  ↳ bin/rails:9
  [1m[35m (0.9ms)[0m  [1m[34mSELECT pg_advisory_unlock(2958126879177119370)[0m
  ↳ bin/rails:9
  [1m[35m (0.3ms)[0m  [1m[34mSELECT pg_try_advisory_lock(2958126879177119370)[0m
  ↳ bin/rails:9
  [1m[35m (2.0ms)[0m  [1m[34mSELECT "schema_migrations"."version" FROM "schema_migrations" ORDER BY "schema_migrations"."version" ASC[0m
  ↳ bin/rails:9
Migrating to CreateLikes (20181106030104)
  [1m[35m (0.4ms)[0m  [1m[35mBEGIN[0m
  ↳ bin/rails:9
  [1m[35m (43.3ms)[0m  [1m[35mCREATE TABLE "likes" ("id" bigserial primary key, "users_id" bigint, "events_id" bigint, "created_at" timestamp NOT NULL, "updated_at" timestamp NOT NULL, CONSTRAINT "fk_rails_0831fd4d8e"
FOREIGN KEY ("users_id")
  REFERENCES "users" ("id")
, CONSTRAINT "fk_rails_af912c5b44"
FOREIGN KEY ("events_id")
  REFERENCES "events" ("id")
)[0m
  ↳ db/migrate/20181106030104_create_likes.rb:3
  [1m[35m (0.2ms)[0m  [1m[31mROLLBACK[0m
  ↳ bin/rails:9
  [1m[35m (0.4ms)[0m  [1m[34mSELECT pg_advisory_unlock(2958126879177119370)[0m
  ↳ bin/rails:9
  [1m[35m (1.8ms)[0m  [1m[34mSELECT "schema_migrations"."version" FROM "schema_migrations" ORDER BY "schema_migrations"."version" ASC[0m
  ↳ /Users/YY/.rvm/gems/ruby-2.5.0@global/bin/rake:23
  [1m[35m (0.6ms)[0m  [1m[34mSELECT "schema_migrations"."version" FROM "schema_migrations" ORDER BY "schema_migrations"."version" ASC[0m
  ↳ /Users/YY/.rvm/gems/ruby-2.5.0@global/bin/rake:23
  [1m[35m (153.8ms)[0m  [1m[35mDROP DATABASE IF EXISTS "playdate_development"[0m
  ↳ /Users/YY/.rvm/gems/ruby-2.5.0@global/bin/rake:23
  [1m[35m (139.5ms)[0m  [1m[35mDROP DATABASE IF EXISTS "playdate_test"[0m
  ↳ /Users/YY/.rvm/gems/ruby-2.5.0@global/bin/rake:23
  [1m[35m (415.7ms)[0m  [1m[35mCREATE DATABASE "playdate_development" ENCODING = 'unicode'[0m
  ↳ /Users/YY/.rvm/gems/ruby-2.5.0@global/bin/rake:23
  [1m[35m (276.7ms)[0m  [1m[35mCREATE DATABASE "playdate_test" ENCODING = 'unicode'[0m
  ↳ /Users/YY/.rvm/gems/ruby-2.5.0@global/bin/rake:23
  [1m[35m (58.8ms)[0m  [1m[35mCREATE TABLE "schema_migrations" ("version" character varying NOT NULL PRIMARY KEY)[0m
  ↳ bin/rails:9
  [1m[35m (28.1ms)[0m  [1m[35mCREATE TABLE "ar_internal_metadata" ("key" character varying NOT NULL PRIMARY KEY, "value" character varying, "created_at" timestamp NOT NULL, "updated_at" timestamp NOT NULL)[0m
  ↳ bin/rails:9
  [1m[35m (0.6ms)[0m  [1m[34mSELECT pg_try_advisory_lock(2958126879177119370)[0m
  ↳ bin/rails:9
  [1m[35m (3.5ms)[0m  [1m[34mSELECT "schema_migrations"."version" FROM "schema_migrations" ORDER BY "schema_migrations"."version" ASC[0m
  ↳ bin/rails:9
Migrating to CreateLikes (20181106030104)
  [1m[35m (0.4ms)[0m  [1m[35mBEGIN[0m
  ↳ bin/rails:9
  [1m[35m (37.3ms)[0m  [1m[35mCREATE TABLE "likes" ("id" bigserial primary key, "users_id" bigint, "events_id" bigint, "created_at" timestamp NOT NULL, "updated_at" timestamp NOT NULL, CONSTRAINT "fk_rails_0831fd4d8e"
FOREIGN KEY ("users_id")
  REFERENCES "users" ("id")
, CONSTRAINT "fk_rails_af912c5b44"
FOREIGN KEY ("events_id")
  REFERENCES "events" ("id")
)[0m
  ↳ db/migrate/20181106030104_create_likes.rb:3
  [1m[35m (0.3ms)[0m  [1m[31mROLLBACK[0m
  ↳ bin/rails:9
  [1m[35m (0.5ms)[0m  [1m[34mSELECT pg_advisory_unlock(2958126879177119370)[0m
  ↳ bin/rails:9
  [1m[35m (0.3ms)[0m  [1m[34mSELECT pg_try_advisory_lock(2958126879177119370)[0m
  ↳ bin/rails:9
  [1m[35m (1.8ms)[0m  [1m[34mSELECT "schema_migrations"."version" FROM "schema_migrations" ORDER BY "schema_migrations"."version" ASC[0m
  ↳ bin/rails:9
Migrating to CreateLikes (20181106030104)
  [1m[35m (0.4ms)[0m  [1m[35mBEGIN[0m
  ↳ bin/rails:9
  [1m[35m (36.4ms)[0m  [1m[35mCREATE TABLE "likes" ("id" bigserial primary key, "user_id" bigint, "event_id" bigint, "created_at" timestamp NOT NULL, "updated_at" timestamp NOT NULL, CONSTRAINT "fk_rails_1e09b5dabf"
FOREIGN KEY ("user_id")
  REFERENCES "users" ("id")
, CONSTRAINT "fk_rails_7a4fd8605c"
FOREIGN KEY ("event_id")
  REFERENCES "events" ("id")
)[0m
  ↳ db/migrate/20181106030104_create_likes.rb:3
  [1m[35m (0.3ms)[0m  [1m[31mROLLBACK[0m
  ↳ bin/rails:9
  [1m[35m (0.5ms)[0m  [1m[34mSELECT pg_advisory_unlock(2958126879177119370)[0m
  ↳ bin/rails:9
  [1m[35m (1.4ms)[0m  [1m[34mSELECT "schema_migrations"."version" FROM "schema_migrations" ORDER BY "schema_migrations"."version" ASC[0m
  ↳ /Users/YY/.rvm/gems/ruby-2.5.0@global/bin/rake:23
  [1m[35m (0.6ms)[0m  [1m[34mSELECT "schema_migrations"."version" FROM "schema_migrations" ORDER BY "schema_migrations"."version" ASC[0m
  ↳ /Users/YY/.rvm/gems/ruby-2.5.0@global/bin/rake:23
  [1m[35m (143.1ms)[0m  [1m[35mDROP DATABASE IF EXISTS "playdate_development"[0m
  ↳ /Users/YY/.rvm/gems/ruby-2.5.0@global/bin/rake:23
  [1m[35m (136.3ms)[0m  [1m[35mDROP DATABASE IF EXISTS "playdate_test"[0m
  ↳ /Users/YY/.rvm/gems/ruby-2.5.0@global/bin/rake:23
  [1m[35m (400.6ms)[0m  [1m[35mCREATE DATABASE "playdate_development" ENCODING = 'unicode'[0m
  ↳ /Users/YY/.rvm/gems/ruby-2.5.0@global/bin/rake:23
  [1m[35m (268.3ms)[0m  [1m[35mCREATE DATABASE "playdate_test" ENCODING = 'unicode'[0m
  ↳ /Users/YY/.rvm/gems/ruby-2.5.0@global/bin/rake:23
  [1m[35m (58.5ms)[0m  [1m[35mCREATE TABLE "schema_migrations" ("version" character varying NOT NULL PRIMARY KEY)[0m
  ↳ bin/rails:9
  [1m[35m (37.8ms)[0m  [1m[35mCREATE TABLE "ar_internal_metadata" ("key" character varying NOT NULL PRIMARY KEY, "value" character varying, "created_at" timestamp NOT NULL, "updated_at" timestamp NOT NULL)[0m
  ↳ bin/rails:9
  [1m[35m (0.5ms)[0m  [1m[34mSELECT pg_try_advisory_lock(2958126879177119370)[0m
  ↳ bin/rails:9
  [1m[35m (3.7ms)[0m  [1m[34mSELECT "schema_migrations"."version" FROM "schema_migrations" ORDER BY "schema_migrations"."version" ASC[0m
  ↳ bin/rails:9
Migrating to CreateLikes (20181106030104)
  [1m[35m (0.4ms)[0m  [1m[35mBEGIN[0m
  ↳ bin/rails:9
  [1m[35m (41.8ms)[0m  [1m[35mCREATE TABLE "likes" ("id" bigserial primary key, "user_id" bigint, "event_id" bigint, "created_at" timestamp NOT NULL, "updated_at" timestamp NOT NULL, CONSTRAINT "fk_rails_1e09b5dabf"
FOREIGN KEY ("user_id")
  REFERENCES "users" ("id")
, CONSTRAINT "fk_rails_7a4fd8605c"
FOREIGN KEY ("event_id")
  REFERENCES "events" ("id")
)[0m
  ↳ db/migrate/20181106030104_create_likes.rb:3
  [1m[35m (0.4ms)[0m  [1m[31mROLLBACK[0m
  ↳ bin/rails:9
  [1m[35m (0.5ms)[0m  [1m[34mSELECT pg_advisory_unlock(2958126879177119370)[0m
  ↳ bin/rails:9
  [1m[35m (1.7ms)[0m  [1m[34mSELECT "schema_migrations"."version" FROM "schema_migrations" ORDER BY "schema_migrations"."version" ASC[0m
  ↳ /Users/YY/.rvm/gems/ruby-2.5.0@global/bin/rake:23
  [1m[35m (0.6ms)[0m  [1m[34mSELECT "schema_migrations"."version" FROM "schema_migrations" ORDER BY "schema_migrations"."version" ASC[0m
  ↳ /Users/YY/.rvm/gems/ruby-2.5.0@global/bin/rake:23
  [1m[35m (144.0ms)[0m  [1m[35mDROP DATABASE IF EXISTS "playdate_development"[0m
  ↳ /Users/YY/.rvm/gems/ruby-2.5.0@global/bin/rake:23
  [1m[35m (135.1ms)[0m  [1m[35mDROP DATABASE IF EXISTS "playdate_test"[0m
  ↳ /Users/YY/.rvm/gems/ruby-2.5.0@global/bin/rake:23
  [1m[35m (427.9ms)[0m  [1m[35mCREATE DATABASE "playdate_development" ENCODING = 'unicode'[0m
  ↳ /Users/YY/.rvm/gems/ruby-2.5.0@global/bin/rake:23
  [1m[35m (260.7ms)[0m  [1m[35mCREATE DATABASE "playdate_test" ENCODING = 'unicode'[0m
  ↳ /Users/YY/.rvm/gems/ruby-2.5.0@global/bin/rake:23
  [1m[35m (52.8ms)[0m  [1m[35mCREATE TABLE "schema_migrations" ("version" character varying NOT NULL PRIMARY KEY)[0m
  ↳ bin/rails:9
  [1m[35m (31.6ms)[0m  [1m[35mCREATE TABLE "ar_internal_metadata" ("key" character varying NOT NULL PRIMARY KEY, "value" character varying, "created_at" timestamp NOT NULL, "updated_at" timestamp NOT NULL)[0m
  ↳ bin/rails:9
  [1m[35m (0.5ms)[0m  [1m[34mSELECT pg_try_advisory_lock(2958126879177119370)[0m
  ↳ bin/rails:9
  [1m[35m (3.6ms)[0m  [1m[34mSELECT "schema_migrations"."version" FROM "schema_migrations" ORDER BY "schema_migrations"."version" ASC[0m
  ↳ bin/rails:9
Migrating to CreateLikes (20181106030104)
  [1m[35m (0.4ms)[0m  [1m[35mBEGIN[0m
  ↳ bin/rails:9
  [1m[35m (38.9ms)[0m  [1m[35mCREATE TABLE "likes" ("id" bigserial primary key, "user_id" bigint, "event_id" bigint, "created_at" timestamp NOT NULL, "updated_at" timestamp NOT NULL, CONSTRAINT "fk_rails_1e09b5dabf"
FOREIGN KEY ("user_id")
  REFERENCES "users" ("id")
, CONSTRAINT "fk_rails_7a4fd8605c"
FOREIGN KEY ("event_id")
  REFERENCES "events" ("id")
)[0m
  ↳ db/migrate/20181106030104_create_likes.rb:3
  [1m[35m (0.3ms)[0m  [1m[31mROLLBACK[0m
  ↳ bin/rails:9
  [1m[35m (0.6ms)[0m  [1m[34mSELECT pg_advisory_unlock(2958126879177119370)[0m
  ↳ bin/rails:9
  [1m[35m (0.4ms)[0m  [1m[34mSELECT pg_try_advisory_lock(2958126879177119370)[0m
  ↳ bin/rails:9
  [1m[35m (1.8ms)[0m  [1m[34mSELECT "schema_migrations"."version" FROM "schema_migrations" ORDER BY "schema_migrations"."version" ASC[0m
  ↳ bin/rails:9
Migrating to CreateLikes (20181106030104)
  [1m[35m (0.4ms)[0m  [1m[35mBEGIN[0m
  ↳ bin/rails:9
  [1m[35m (23.3ms)[0m  [1m[35mCREATE TABLE "likes" ("id" bigserial primary key, "user_id" bigint, "event_id" bigint, "created_at" timestamp NOT NULL, "updated_at" timestamp NOT NULL, CONSTRAINT "fk_rails_1e09b5dabf"
FOREIGN KEY ("user_id")
  REFERENCES "users" ("id")
, CONSTRAINT "fk_rails_7a4fd8605c"
FOREIGN KEY ("event_id")
  REFERENCES "events" ("id")
)[0m
  ↳ db/migrate/20181106030104_create_likes.rb:3
  [1m[35m (0.3ms)[0m  [1m[31mROLLBACK[0m
  ↳ bin/rails:9
  [1m[35m (0.6ms)[0m  [1m[34mSELECT pg_advisory_unlock(2958126879177119370)[0m
  ↳ bin/rails:9
  [1m[35m (0.6ms)[0m  [1m[34mSELECT pg_try_advisory_lock(2958126879177119370)[0m
  ↳ bin/rails:9
  [1m[35m (2.0ms)[0m  [1m[34mSELECT "schema_migrations"."version" FROM "schema_migrations" ORDER BY "schema_migrations"."version" ASC[0m
  ↳ bin/rails:9
Migrating to CreateUsers (20181106032918)
  [1m[35m (0.3ms)[0m  [1m[35mBEGIN[0m
  ↳ bin/rails:9
  [1m[35m (40.9ms)[0m  [1m[35mCREATE TABLE "users" ("id" bigserial primary key, "username" character varying, "password_digest" character varying, "created_at" timestamp NOT NULL, "updated_at" timestamp NOT NULL)[0m
  ↳ db/migrate/20181106032918_create_users.rb:3
  [1m[36mActiveRecord::SchemaMigration Create (1.2ms)[0m  [1m[32mINSERT INTO "schema_migrations" ("version") VALUES ($1) RETURNING "version"[0m  [["version", "20181106032918"]]
  ↳ bin/rails:9
  [1m[35m (3.4ms)[0m  [1m[35mCOMMIT[0m
  ↳ bin/rails:9
Migrating to CreateEvents (20181106033056)
  [1m[35m (6.4ms)[0m  [1m[35mBEGIN[0m
  ↳ bin/rails:9
  [1m[35m (20.7ms)[0m  [1m[35mCREATE TABLE "events" ("id" bigserial primary key, "time" timestamp, "location" character varying, "img" character varying, "description" character varying, "created_at" timestamp NOT NULL, "updated_at" timestamp NOT NULL)[0m
  ↳ db/migrate/20181106033056_create_events.rb:3
  [1m[36mActiveRecord::SchemaMigration Create (0.6ms)[0m  [1m[32mINSERT INTO "schema_migrations" ("version") VALUES ($1) RETURNING "version"[0m  [["version", "20181106033056"]]
  ↳ bin/rails:9
  [1m[35m (2.3ms)[0m  [1m[35mCOMMIT[0m
  ↳ bin/rails:9
Migrating to CreateReviews (20181106033140)
  [1m[35m (6.4ms)[0m  [1m[35mBEGIN[0m
  ↳ bin/rails:9
  [1m[35m (39.5ms)[0m  [1m[35mCREATE TABLE "reviews" ("id" bigserial primary key, "review" character varying, "rating" integer, "user_id" bigint, "event_id" bigint, "created_at" timestamp NOT NULL, "updated_at" timestamp NOT NULL, CONSTRAINT "fk_rails_74a66bd6c5"
FOREIGN KEY ("user_id")
  REFERENCES "users" ("id")
, CONSTRAINT "fk_rails_6429803e23"
FOREIGN KEY ("event_id")
  REFERENCES "events" ("id")
)[0m
  ↳ db/migrate/20181106033140_create_reviews.rb:3
  [1m[35m (6.4ms)[0m  [1m[35mCREATE  INDEX  "index_reviews_on_user_id" ON "reviews"  ("user_id")[0m
  ↳ db/migrate/20181106033140_create_reviews.rb:3
  [1m[35m (11.4ms)[0m  [1m[35mCREATE  INDEX  "index_reviews_on_event_id" ON "reviews"  ("event_id")[0m
  ↳ db/migrate/20181106033140_create_reviews.rb:3
  [1m[36mActiveRecord::SchemaMigration Create (0.4ms)[0m  [1m[32mINSERT INTO "schema_migrations" ("version") VALUES ($1) RETURNING "version"[0m  [["version", "20181106033140"]]
  ↳ bin/rails:9
  [1m[35m (5.6ms)[0m  [1m[35mCOMMIT[0m
  ↳ bin/rails:9
Migrating to CreateTags (20181106034318)
  [1m[35m (12.5ms)[0m  [1m[35mBEGIN[0m
  ↳ bin/rails:9
  [1m[35m (26.9ms)[0m  [1m[35mCREATE TABLE "tags" ("id" bigserial primary key, "tag" character varying, "created_at" timestamp NOT NULL, "updated_at" timestamp NOT NULL)[0m
  ↳ db/migrate/20181106034318_create_tags.rb:3
  [1m[36mActiveRecord::SchemaMigration Create (0.5ms)[0m  [1m[32mINSERT INTO "schema_migrations" ("version") VALUES ($1) RETURNING "version"[0m  [["version", "20181106034318"]]
  ↳ bin/rails:9
  [1m[35m (5.6ms)[0m  [1m[35mCOMMIT[0m
  ↳ bin/rails:9
Migrating to CreateGos (20181106044502)
  [1m[35m (6.0ms)[0m  [1m[35mBEGIN[0m
  ↳ bin/rails:9
  [1m[35m (14.2ms)[0m  [1m[35mCREATE TABLE "gos" ("id" bigserial primary key, "created_at" timestamp NOT NULL, "updated_at" timestamp NOT NULL)[0m
  ↳ db/migrate/20181106044502_create_gos.rb:3
  [1m[36mActiveRecord::SchemaMigration Create (0.5ms)[0m  [1m[32mINSERT INTO "schema_migrations" ("version") VALUES ($1) RETURNING "version"[0m  [["version", "20181106044502"]]
  ↳ bin/rails:9
  [1m[35m (6.9ms)[0m  [1m[35mCOMMIT[0m
  ↳ bin/rails:9
Migrating to CreateLikes (20181106044531)
  [1m[35m (11.3ms)[0m  [1m[35mBEGIN[0m
  ↳ bin/rails:9
  [1m[35m (9.3ms)[0m  [1m[35mCREATE TABLE "likes" ("id" bigserial primary key, "created_at" timestamp NOT NULL, "updated_at" timestamp NOT NULL)[0m
  ↳ db/migrate/20181106044531_create_likes.rb:3
  [1m[36mActiveRecord::SchemaMigration Create (0.7ms)[0m  [1m[32mINSERT INTO "schema_migrations" ("version") VALUES ($1) RETURNING "version"[0m  [["version", "20181106044531"]]
  ↳ bin/rails:9
  [1m[35m (9.8ms)[0m  [1m[35mCOMMIT[0m
  ↳ bin/rails:9
  [1m[36mActiveRecord::InternalMetadata Load (5.1ms)[0m  [1m[34mSELECT  "ar_internal_metadata".* FROM "ar_internal_metadata" WHERE "ar_internal_metadata"."key" = $1 LIMIT $2[0m  [["key", "environment"], ["LIMIT", 1]]
  ↳ bin/rails:9
  [1m[35m (0.2ms)[0m  [1m[35mBEGIN[0m
  ↳ bin/rails:9
  [1m[36mActiveRecord::InternalMetadata Create (0.7ms)[0m  [1m[32mINSERT INTO "ar_internal_metadata" ("key", "value", "created_at", "updated_at") VALUES ($1, $2, $3, $4) RETURNING "key"[0m  [["key", "environment"], ["value", "development"], ["created_at", "2018-11-06 04:46:19.325499"], ["updated_at", "2018-11-06 04:46:19.325499"]]
  ↳ bin/rails:9
  [1m[35m (2.1ms)[0m  [1m[35mCOMMIT[0m
  ↳ bin/rails:9
  [1m[35m (0.5ms)[0m  [1m[34mSELECT pg_advisory_unlock(2958126879177119370)[0m
  ↳ bin/rails:9
  [1m[35m (0.4ms)[0m  [1m[34mSELECT "schema_migrations"."version" FROM "schema_migrations" ORDER BY "schema_migrations"."version" ASC[0m
  ↳ bin/rails:9
  [1m[35m (2.0ms)[0m  [1m[34mSELECT "schema_migrations"."version" FROM "schema_migrations" ORDER BY "schema_migrations"."version" ASC[0m
  ↳ /Users/YY/.rvm/gems/ruby-2.5.0@global/bin/rake:23
  [1m[35m (0.6ms)[0m  [1m[34mSELECT "ar_internal_metadata"."value" FROM "ar_internal_metadata" WHERE "ar_internal_metadata"."key" = $1[0m  [["key", "environment"]]
  ↳ /Users/YY/.rvm/gems/ruby-2.5.0@global/bin/rake:23
  [1m[35m (0.4ms)[0m  [1m[34mSELECT "schema_migrations"."version" FROM "schema_migrations" ORDER BY "schema_migrations"."version" ASC[0m
  ↳ /Users/YY/.rvm/gems/ruby-2.5.0@global/bin/rake:23
  [1m[35m (0.3ms)[0m  [1m[34mSELECT "ar_internal_metadata"."value" FROM "ar_internal_metadata" WHERE "ar_internal_metadata"."key" = $1[0m  [["key", "environment"]]
  ↳ /Users/YY/.rvm/gems/ruby-2.5.0@global/bin/rake:23
  [1m[35m (0.4ms)[0m  [1m[34mSELECT "schema_migrations"."version" FROM "schema_migrations" ORDER BY "schema_migrations"."version" ASC[0m
  ↳ /Users/YY/.rvm/gems/ruby-2.5.0@global/bin/rake:23
  [1m[35m (0.3ms)[0m  [1m[34mSELECT "ar_internal_metadata"."value" FROM "ar_internal_metadata" WHERE "ar_internal_metadata"."key" = $1[0m  [["key", "environment"]]
  ↳ /Users/YY/.rvm/gems/ruby-2.5.0@global/bin/rake:23
  [1m[35m (174.4ms)[0m  [1m[35mDROP DATABASE IF EXISTS "playdate_development"[0m
  ↳ /Users/YY/.rvm/gems/ruby-2.5.0@global/bin/rake:23
  [1m[35m (139.6ms)[0m  [1m[35mDROP DATABASE IF EXISTS "playdate_test"[0m
  ↳ /Users/YY/.rvm/gems/ruby-2.5.0@global/bin/rake:23
  [1m[35m (450.0ms)[0m  [1m[35mCREATE DATABASE "playdate_development" ENCODING = 'unicode'[0m
  ↳ /Users/YY/.rvm/gems/ruby-2.5.0@global/bin/rake:23
  [1m[35m (265.7ms)[0m  [1m[35mCREATE DATABASE "playdate_test" ENCODING = 'unicode'[0m
  ↳ /Users/YY/.rvm/gems/ruby-2.5.0@global/bin/rake:23
  [1m[35mSQL (4.6ms)[0m  [1m[35mCREATE EXTENSION IF NOT EXISTS "plpgsql"[0m
  ↳ db/schema.rb:16
  [1m[35m (17.5ms)[0m  [1m[35mDROP TABLE IF EXISTS "events" CASCADE[0m
  ↳ db/schema.rb:18
  [1m[35m (37.1ms)[0m  [1m[35mCREATE TABLE "events" ("id" bigserial primary key, "time" timestamp, "location" character varying, "img" character varying, "description" character varying, "created_at" timestamp NOT NULL, "updated_at" timestamp NOT NULL)[0m
  ↳ db/schema.rb:18
  [1m[35m (8.4ms)[0m  [1m[35mDROP TABLE IF EXISTS "gos" CASCADE[0m
  ↳ db/schema.rb:27
  [1m[35m (23.0ms)[0m  [1m[35mCREATE TABLE "gos" ("id" bigserial primary key, "created_at" timestamp NOT NULL, "updated_at" timestamp NOT NULL)[0m
  ↳ db/schema.rb:27
  [1m[35m (6.5ms)[0m  [1m[35mDROP TABLE IF EXISTS "likes" CASCADE[0m
  ↳ db/schema.rb:32
  [1m[35m (23.3ms)[0m  [1m[35mCREATE TABLE "likes" ("id" bigserial primary key, "created_at" timestamp NOT NULL, "updated_at" timestamp NOT NULL)[0m
  ↳ db/schema.rb:32
  [1m[35m (9.2ms)[0m  [1m[35mDROP TABLE IF EXISTS "reviews" CASCADE[0m
  ↳ db/schema.rb:37
  [1m[35m (34.2ms)[0m  [1m[35mCREATE TABLE "reviews" ("id" bigserial primary key, "review" character varying, "rating" integer, "user_id" bigint, "event_id" bigint, "created_at" timestamp NOT NULL, "updated_at" timestamp NOT NULL)[0m
  ↳ db/schema.rb:37
  [1m[35m (15.8ms)[0m  [1m[35mCREATE  INDEX  "index_reviews_on_event_id" ON "reviews"  ("event_id")[0m
  ↳ db/schema.rb:37
  [1m[35m (19.3ms)[0m  [1m[35mCREATE  INDEX  "index_reviews_on_user_id" ON "reviews"  ("user_id")[0m
  ↳ db/schema.rb:37
  [1m[35m (0.6ms)[0m  [1m[35mDROP TABLE IF EXISTS "tags" CASCADE[0m
  ↳ db/schema.rb:48
  [1m[35m (44.6ms)[0m  [1m[35mCREATE TABLE "tags" ("id" bigserial primary key, "tag" character varying, "created_at" timestamp NOT NULL, "updated_at" timestamp NOT NULL)[0m
  ↳ db/schema.rb:48
  [1m[35m (8.8ms)[0m  [1m[35mDROP TABLE IF EXISTS "users" CASCADE[0m
  ↳ db/schema.rb:54
  [1m[35m (41.3ms)[0m  [1m[35mCREATE TABLE "users" ("id" bigserial primary key, "username" character varying, "password_digest" character varying, "created_at" timestamp NOT NULL, "updated_at" timestamp NOT NULL)[0m
  ↳ db/schema.rb:54
  [1m[35m (106.4ms)[0m  [1m[35mALTER TABLE "reviews" ADD CONSTRAINT "fk_rails_6429803e23"
FOREIGN KEY ("event_id")
  REFERENCES "events" ("id")
[0m
  ↳ db/schema.rb:61
  [1m[35m (9.9ms)[0m  [1m[35mALTER TABLE "reviews" ADD CONSTRAINT "fk_rails_74a66bd6c5"
FOREIGN KEY ("user_id")
  REFERENCES "users" ("id")
[0m
  ↳ db/schema.rb:62
  [1m[35m (31.3ms)[0m  [1m[35mCREATE TABLE "schema_migrations" ("version" character varying NOT NULL PRIMARY KEY)[0m
  ↳ db/schema.rb:13
  [1m[35m (0.9ms)[0m  [1m[34mSELECT "schema_migrations"."version" FROM "schema_migrations" ORDER BY "schema_migrations"."version" ASC[0m
  ↳ db/schema.rb:13
  [1m[35m (6.6ms)[0m  [1m[32mINSERT INTO "schema_migrations" (version) VALUES (20181106044531)[0m
  ↳ db/schema.rb:13
  [1m[35m (17.7ms)[0m  [1m[32mINSERT INTO "schema_migrations" (version) VALUES
(20181106032918),
(20181106033056),
(20181106033140),
(20181106034318),
(20181106044502);

[0m
  ↳ db/schema.rb:13
  [1m[35m (41.0ms)[0m  [1m[35mCREATE TABLE "ar_internal_metadata" ("key" character varying NOT NULL PRIMARY KEY, "value" character varying, "created_at" timestamp NOT NULL, "updated_at" timestamp NOT NULL)[0m
  ↳ db/schema.rb:13
  [1m[36mActiveRecord::InternalMetadata Load (0.5ms)[0m  [1m[34mSELECT  "ar_internal_metadata".* FROM "ar_internal_metadata" WHERE "ar_internal_metadata"."key" = $1 LIMIT $2[0m  [["key", "environment"], ["LIMIT", 1]]
  ↳ db/schema.rb:13
  [1m[35m (0.3ms)[0m  [1m[35mBEGIN[0m
  ↳ db/schema.rb:13
  [1m[36mActiveRecord::InternalMetadata Create (5.1ms)[0m  [1m[32mINSERT INTO "ar_internal_metadata" ("key", "value", "created_at", "updated_at") VALUES ($1, $2, $3, $4) RETURNING "key"[0m  [["key", "environment"], ["value", "development"], ["created_at", "2018-11-06 04:47:22.247215"], ["updated_at", "2018-11-06 04:47:22.247215"]]
  ↳ db/schema.rb:13
  [1m[35m (6.2ms)[0m  [1m[35mCOMMIT[0m
  ↳ db/schema.rb:13
  [1m[36mActiveRecord::InternalMetadata Load (6.4ms)[0m  [1m[34mSELECT  "ar_internal_metadata".* FROM "ar_internal_metadata" WHERE "ar_internal_metadata"."key" = $1 LIMIT $2[0m  [["key", "environment"], ["LIMIT", 1]]
  ↳ /Users/YY/.rvm/gems/ruby-2.5.0@global/bin/rake:23
  [1m[35m (0.3ms)[0m  [1m[35mBEGIN[0m
  ↳ /Users/YY/.rvm/gems/ruby-2.5.0@global/bin/rake:23
  [1m[35m (0.2ms)[0m  [1m[35mCOMMIT[0m
  ↳ /Users/YY/.rvm/gems/ruby-2.5.0@global/bin/rake:23
  [1m[35mSQL (0.7ms)[0m  [1m[35mCREATE EXTENSION IF NOT EXISTS "plpgsql"[0m
  ↳ db/schema.rb:16
  [1m[35m (0.4ms)[0m  [1m[35mDROP TABLE IF EXISTS "events" CASCADE[0m
  ↳ db/schema.rb:18
  [1m[35m (24.2ms)[0m  [1m[35mCREATE TABLE "events" ("id" bigserial primary key, "time" timestamp, "location" character varying, "img" character varying, "description" character varying, "created_at" timestamp NOT NULL, "updated_at" timestamp NOT NULL)[0m
  ↳ db/schema.rb:18
  [1m[35m (0.4ms)[0m  [1m[35mDROP TABLE IF EXISTS "gos" CASCADE[0m
  ↳ db/schema.rb:27
  [1m[35m (7.5ms)[0m  [1m[35mCREATE TABLE "gos" ("id" bigserial primary key, "created_at" timestamp NOT NULL, "updated_at" timestamp NOT NULL)[0m
  ↳ db/schema.rb:27
  [1m[35m (0.7ms)[0m  [1m[35mDROP TABLE IF EXISTS "likes" CASCADE[0m
  ↳ db/schema.rb:32
  [1m[35m (9.4ms)[0m  [1m[35mCREATE TABLE "likes" ("id" bigserial primary key, "created_at" timestamp NOT NULL, "updated_at" timestamp NOT NULL)[0m
  ↳ db/schema.rb:32
  [1m[35m (0.4ms)[0m  [1m[35mDROP TABLE IF EXISTS "reviews" CASCADE[0m
  ↳ db/schema.rb:37
  [1m[35m (14.4ms)[0m  [1m[35mCREATE TABLE "reviews" ("id" bigserial primary key, "review" character varying, "rating" integer, "user_id" bigint, "event_id" bigint, "created_at" timestamp NOT NULL, "updated_at" timestamp NOT NULL)[0m
  ↳ db/schema.rb:37
  [1m[35m (8.5ms)[0m  [1m[35mCREATE  INDEX  "index_reviews_on_event_id" ON "reviews"  ("event_id")[0m
  ↳ db/schema.rb:37
  [1m[35m (6.8ms)[0m  [1m[35mCREATE  INDEX  "index_reviews_on_user_id" ON "reviews"  ("user_id")[0m
  ↳ db/schema.rb:37
  [1m[35m (0.3ms)[0m  [1m[35mDROP TABLE IF EXISTS "tags" CASCADE[0m
  ↳ db/schema.rb:48
  [1m[35m (13.2ms)[0m  [1m[35mCREATE TABLE "tags" ("id" bigserial primary key, "tag" character varying, "created_at" timestamp NOT NULL, "updated_at" timestamp NOT NULL)[0m
  ↳ db/schema.rb:48
  [1m[35m (0.4ms)[0m  [1m[35mDROP TABLE IF EXISTS "users" CASCADE[0m
  ↳ db/schema.rb:54
  [1m[35m (13.7ms)[0m  [1m[35mCREATE TABLE "users" ("id" bigserial primary key, "username" character varying, "password_digest" character varying, "created_at" timestamp NOT NULL, "updated_at" timestamp NOT NULL)[0m
  ↳ db/schema.rb:54
  [1m[35m (6.4ms)[0m  [1m[35mALTER TABLE "reviews" ADD CONSTRAINT "fk_rails_6429803e23"
FOREIGN KEY ("event_id")
  REFERENCES "events" ("id")
[0m
  ↳ db/schema.rb:61
  [1m[35m (5.3ms)[0m  [1m[35mALTER TABLE "reviews" ADD CONSTRAINT "fk_rails_74a66bd6c5"
FOREIGN KEY ("user_id")
  REFERENCES "users" ("id")
[0m
  ↳ db/schema.rb:62
  [1m[35m (8.8ms)[0m  [1m[35mCREATE TABLE "schema_migrations" ("version" character varying NOT NULL PRIMARY KEY)[0m
  ↳ db/schema.rb:13
  [1m[35m (1.3ms)[0m  [1m[34mSELECT "schema_migrations"."version" FROM "schema_migrations" ORDER BY "schema_migrations"."version" ASC[0m
  ↳ db/schema.rb:13
  [1m[35m (3.8ms)[0m  [1m[32mINSERT INTO "schema_migrations" (version) VALUES (20181106044531)[0m
  ↳ db/schema.rb:13
  [1m[35m (3.1ms)[0m  [1m[32mINSERT INTO "schema_migrations" (version) VALUES
(20181106032918),
(20181106033056),
(20181106033140),
(20181106034318),
(20181106044502);

[0m
  ↳ db/schema.rb:13
  [1m[35m (22.0ms)[0m  [1m[35mCREATE TABLE "ar_internal_metadata" ("key" character varying NOT NULL PRIMARY KEY, "value" character varying, "created_at" timestamp NOT NULL, "updated_at" timestamp NOT NULL)[0m
  ↳ db/schema.rb:13
  [1m[36mActiveRecord::InternalMetadata Load (1.6ms)[0m  [1m[34mSELECT  "ar_internal_metadata".* FROM "ar_internal_metadata" WHERE "ar_internal_metadata"."key" = $1 LIMIT $2[0m  [["key", "environment"], ["LIMIT", 1]]
  ↳ db/schema.rb:13
  [1m[35m (0.3ms)[0m  [1m[35mBEGIN[0m
  ↳ db/schema.rb:13
  [1m[36mActiveRecord::InternalMetadata Create (0.6ms)[0m  [1m[32mINSERT INTO "ar_internal_metadata" ("key", "value", "created_at", "updated_at") VALUES ($1, $2, $3, $4) RETURNING "key"[0m  [["key", "environment"], ["value", "development"], ["created_at", "2018-11-06 04:47:22.525682"], ["updated_at", "2018-11-06 04:47:22.525682"]]
  ↳ db/schema.rb:13
  [1m[35m (2.1ms)[0m  [1m[35mCOMMIT[0m
  ↳ db/schema.rb:13
  [1m[36mActiveRecord::InternalMetadata Load (0.5ms)[0m  [1m[34mSELECT  "ar_internal_metadata".* FROM "ar_internal_metadata" WHERE "ar_internal_metadata"."key" = $1 LIMIT $2[0m  [["key", "environment"], ["LIMIT", 1]]
  ↳ /Users/YY/.rvm/gems/ruby-2.5.0@global/bin/rake:23
  [1m[35m (0.2ms)[0m  [1m[35mBEGIN[0m
  ↳ /Users/YY/.rvm/gems/ruby-2.5.0@global/bin/rake:23
  [1m[36mActiveRecord::InternalMetadata Update (3.1ms)[0m  [1m[33mUPDATE "ar_internal_metadata" SET "value" = $1, "updated_at" = $2 WHERE "ar_internal_metadata"."key" = $3[0m  [["value", "test"], ["updated_at", "2018-11-06 04:47:22.533319"], ["key", "environment"]]
  ↳ /Users/YY/.rvm/gems/ruby-2.5.0@global/bin/rake:23
  [1m[35m (2.7ms)[0m  [1m[35mCOMMIT[0m
  ↳ /Users/YY/.rvm/gems/ruby-2.5.0@global/bin/rake:23
  [1m[35m (1.6ms)[0m  [1m[34mSELECT "schema_migrations"."version" FROM "schema_migrations" ORDER BY "schema_migrations"."version" ASC[0m
  ↳ /Users/YY/.rvm/gems/ruby-2.5.0@global/bin/rake:23
  [1m[35m (2.9ms)[0m  [1m[35mCREATE DATABASE "playdate_development" ENCODING = 'unicode'[0m
  ↳ bin/rails:9
  [1m[35m (0.5ms)[0m  [1m[35mCREATE DATABASE "playdate_test" ENCODING = 'unicode'[0m
  ↳ bin/rails:9
  [1m[35m (0.5ms)[0m  [1m[34mSELECT pg_try_advisory_lock(2958126879177119370)[0m
  ↳ bin/rails:9
  [1m[35m (1.9ms)[0m  [1m[34mSELECT "schema_migrations"."version" FROM "schema_migrations" ORDER BY "schema_migrations"."version" ASC[0m
  ↳ bin/rails:9
  [1m[36mActiveRecord::InternalMetadata Load (1.0ms)[0m  [1m[34mSELECT  "ar_internal_metadata".* FROM "ar_internal_metadata" WHERE "ar_internal_metadata"."key" = $1 LIMIT $2[0m  [["key", "environment"], ["LIMIT", 1]]
  ↳ bin/rails:9
  [1m[35m (0.4ms)[0m  [1m[35mBEGIN[0m
  ↳ bin/rails:9
  [1m[35m (0.3ms)[0m  [1m[35mCOMMIT[0m
  ↳ bin/rails:9
  [1m[35m (0.6ms)[0m  [1m[34mSELECT pg_advisory_unlock(2958126879177119370)[0m
  ↳ bin/rails:9
  [1m[35m (0.6ms)[0m  [1m[34mSELECT "schema_migrations"."version" FROM "schema_migrations" ORDER BY "schema_migrations"."version" ASC[0m
  ↳ bin/rails:9
  [1m[35m (2.9ms)[0m  [1m[35mCREATE DATABASE "playdate_development" ENCODING = 'unicode'[0m
  ↳ bin/rails:9
  [1m[35m (0.5ms)[0m  [1m[35mCREATE DATABASE "playdate_test" ENCODING = 'unicode'[0m
  ↳ bin/rails:9
  [1m[35m (1.9ms)[0m  [1m[34mSELECT "schema_migrations"."version" FROM "schema_migrations" ORDER BY "schema_migrations"."version" ASC[0m
  ↳ /Users/YY/.rvm/gems/ruby-2.5.0@global/bin/rake:23
  [1m[35m (0.6ms)[0m  [1m[34mSELECT "ar_internal_metadata"."value" FROM "ar_internal_metadata" WHERE "ar_internal_metadata"."key" = $1[0m  [["key", "environment"]]
  ↳ /Users/YY/.rvm/gems/ruby-2.5.0@global/bin/rake:23
  [1m[35m (0.4ms)[0m  [1m[34mSELECT "schema_migrations"."version" FROM "schema_migrations" ORDER BY "schema_migrations"."version" ASC[0m
  ↳ /Users/YY/.rvm/gems/ruby-2.5.0@global/bin/rake:23
  [1m[35m (0.3ms)[0m  [1m[34mSELECT "ar_internal_metadata"."value" FROM "ar_internal_metadata" WHERE "ar_internal_metadata"."key" = $1[0m  [["key", "environment"]]
  ↳ /Users/YY/.rvm/gems/ruby-2.5.0@global/bin/rake:23
  [1m[35m (0.4ms)[0m  [1m[34mSELECT "schema_migrations"."version" FROM "schema_migrations" ORDER BY "schema_migrations"."version" ASC[0m
  ↳ /Users/YY/.rvm/gems/ruby-2.5.0@global/bin/rake:23
  [1m[35m (0.3ms)[0m  [1m[34mSELECT "ar_internal_metadata"."value" FROM "ar_internal_metadata" WHERE "ar_internal_metadata"."key" = $1[0m  [["key", "environment"]]
  ↳ /Users/YY/.rvm/gems/ruby-2.5.0@global/bin/rake:23
  [1m[35m (139.0ms)[0m  [1m[35mDROP DATABASE IF EXISTS "playdate_development"[0m
  ↳ /Users/YY/.rvm/gems/ruby-2.5.0@global/bin/rake:23
  [1m[35m (137.2ms)[0m  [1m[35mDROP DATABASE IF EXISTS "playdate_test"[0m
  ↳ /Users/YY/.rvm/gems/ruby-2.5.0@global/bin/rake:23
  [1m[35m (447.0ms)[0m  [1m[35mCREATE DATABASE "playdate_development" ENCODING = 'unicode'[0m
  ↳ /Users/YY/.rvm/gems/ruby-2.5.0@global/bin/rake:23
  [1m[35m (271.2ms)[0m  [1m[35mCREATE DATABASE "playdate_test" ENCODING = 'unicode'[0m
  ↳ /Users/YY/.rvm/gems/ruby-2.5.0@global/bin/rake:23
  [1m[35mSQL (0.7ms)[0m  [1m[35mCREATE EXTENSION IF NOT EXISTS "plpgsql"[0m
  ↳ db/schema.rb:16
  [1m[35m (0.3ms)[0m  [1m[35mDROP TABLE IF EXISTS "events" CASCADE[0m
  ↳ db/schema.rb:18
  [1m[35m (32.1ms)[0m  [1m[35mCREATE TABLE "events" ("id" bigserial primary key, "time" timestamp, "location" character varying, "img" character varying, "description" character varying, "created_at" timestamp NOT NULL, "updated_at" timestamp NOT NULL)[0m
  ↳ db/schema.rb:18
  [1m[35m (7.4ms)[0m  [1m[35mDROP TABLE IF EXISTS "gos" CASCADE[0m
  ↳ db/schema.rb:27
  [1m[35m (20.9ms)[0m  [1m[35mCREATE TABLE "gos" ("id" bigserial primary key, "created_at" timestamp NOT NULL, "updated_at" timestamp NOT NULL)[0m
  ↳ db/schema.rb:27
  [1m[35m (5.7ms)[0m  [1m[35mDROP TABLE IF EXISTS "likes" CASCADE[0m
  ↳ db/schema.rb:32
  [1m[35m (13.7ms)[0m  [1m[35mCREATE TABLE "likes" ("id" bigserial primary key, "created_at" timestamp NOT NULL, "updated_at" timestamp NOT NULL)[0m
  ↳ db/schema.rb:32
  [1m[35m (6.1ms)[0m  [1m[35mDROP TABLE IF EXISTS "reviews" CASCADE[0m
  ↳ db/schema.rb:37
  [1m[35m (19.1ms)[0m  [1m[35mCREATE TABLE "reviews" ("id" bigserial primary key, "review" character varying, "rating" integer, "user_id" bigint, "event_id" bigint, "created_at" timestamp NOT NULL, "updated_at" timestamp NOT NULL)[0m
  ↳ db/schema.rb:37
  [1m[35m (4.0ms)[0m  [1m[35mCREATE  INDEX  "index_reviews_on_event_id" ON "reviews"  ("event_id")[0m
  ↳ db/schema.rb:37
  [1m[35m (4.2ms)[0m  [1m[35mCREATE  INDEX  "index_reviews_on_user_id" ON "reviews"  ("user_id")[0m
  ↳ db/schema.rb:37
  [1m[35m (0.3ms)[0m  [1m[35mDROP TABLE IF EXISTS "tags" CASCADE[0m
  ↳ db/schema.rb:48
  [1m[35m (17.0ms)[0m  [1m[35mCREATE TABLE "tags" ("id" bigserial primary key, "tag" character varying, "created_at" timestamp NOT NULL, "updated_at" timestamp NOT NULL)[0m
  ↳ db/schema.rb:48
  [1m[35m (0.4ms)[0m  [1m[35mDROP TABLE IF EXISTS "users" CASCADE[0m
  ↳ db/schema.rb:54
  [1m[35m (14.7ms)[0m  [1m[35mCREATE TABLE "users" ("id" bigserial primary key, "username" character varying, "password_digest" character varying, "created_at" timestamp NOT NULL, "updated_at" timestamp NOT NULL)[0m
  ↳ db/schema.rb:54
  [1m[35m (9.7ms)[0m  [1m[35mALTER TABLE "reviews" ADD CONSTRAINT "fk_rails_6429803e23"
FOREIGN KEY ("event_id")
  REFERENCES "events" ("id")
[0m
  ↳ db/schema.rb:61
  [1m[35m (3.8ms)[0m  [1m[35mALTER TABLE "reviews" ADD CONSTRAINT "fk_rails_74a66bd6c5"
FOREIGN KEY ("user_id")
  REFERENCES "users" ("id")
[0m
  ↳ db/schema.rb:62
  [1m[35m (8.9ms)[0m  [1m[35mCREATE TABLE "schema_migrations" ("version" character varying NOT NULL PRIMARY KEY)[0m
  ↳ db/schema.rb:13
  [1m[35m (1.6ms)[0m  [1m[34mSELECT "schema_migrations"."version" FROM "schema_migrations" ORDER BY "schema_migrations"."version" ASC[0m
  ↳ db/schema.rb:13
  [1m[35m (2.7ms)[0m  [1m[32mINSERT INTO "schema_migrations" (version) VALUES (20181106044531)[0m
  ↳ db/schema.rb:13
  [1m[35m (3.9ms)[0m  [1m[32mINSERT INTO "schema_migrations" (version) VALUES
(20181106032918),
(20181106033056),
(20181106033140),
(20181106034318),
(20181106044502);

[0m
  ↳ db/schema.rb:13
  [1m[35m (9.4ms)[0m  [1m[35mCREATE TABLE "ar_internal_metadata" ("key" character varying NOT NULL PRIMARY KEY, "value" character varying, "created_at" timestamp NOT NULL, "updated_at" timestamp NOT NULL)[0m
  ↳ db/schema.rb:13
  [1m[36mActiveRecord::InternalMetadata Load (0.8ms)[0m  [1m[34mSELECT  "ar_internal_metadata".* FROM "ar_internal_metadata" WHERE "ar_internal_metadata"."key" = $1 LIMIT $2[0m  [["key", "environment"], ["LIMIT", 1]]
  ↳ db/schema.rb:13
  [1m[35m (0.5ms)[0m  [1m[35mBEGIN[0m
  ↳ db/schema.rb:13
  [1m[36mActiveRecord::InternalMetadata Create (1.0ms)[0m  [1m[32mINSERT INTO "ar_internal_metadata" ("key", "value", "created_at", "updated_at") VALUES ($1, $2, $3, $4) RETURNING "key"[0m  [["key", "environment"], ["value", "development"], ["created_at", "2018-11-06 04:49:31.450494"], ["updated_at", "2018-11-06 04:49:31.450494"]]
  ↳ db/schema.rb:13
  [1m[35m (2.3ms)[0m  [1m[35mCOMMIT[0m
  ↳ db/schema.rb:13
  [1m[36mActiveRecord::InternalMetadata Load (0.5ms)[0m  [1m[34mSELECT  "ar_internal_metadata".* FROM "ar_internal_metadata" WHERE "ar_internal_metadata"."key" = $1 LIMIT $2[0m  [["key", "environment"], ["LIMIT", 1]]
  ↳ /Users/YY/.rvm/gems/ruby-2.5.0@global/bin/rake:23
  [1m[35m (0.2ms)[0m  [1m[35mBEGIN[0m
  ↳ /Users/YY/.rvm/gems/ruby-2.5.0@global/bin/rake:23
  [1m[35m (0.2ms)[0m  [1m[35mCOMMIT[0m
  ↳ /Users/YY/.rvm/gems/ruby-2.5.0@global/bin/rake:23
  [1m[35mSQL (0.5ms)[0m  [1m[35mCREATE EXTENSION IF NOT EXISTS "plpgsql"[0m
  ↳ db/schema.rb:16
  [1m[35m (0.4ms)[0m  [1m[35mDROP TABLE IF EXISTS "events" CASCADE[0m
  ↳ db/schema.rb:18
  [1m[35m (18.6ms)[0m  [1m[35mCREATE TABLE "events" ("id" bigserial primary key, "time" timestamp, "location" character varying, "img" character varying, "description" character varying, "created_at" timestamp NOT NULL, "updated_at" timestamp NOT NULL)[0m
  ↳ db/schema.rb:18
  [1m[35m (0.7ms)[0m  [1m[35mDROP TABLE IF EXISTS "gos" CASCADE[0m
  ↳ db/schema.rb:27
  [1m[35m (8.8ms)[0m  [1m[35mCREATE TABLE "gos" ("id" bigserial primary key, "created_at" timestamp NOT NULL, "updated_at" timestamp NOT NULL)[0m
  ↳ db/schema.rb:27
  [1m[35m (0.5ms)[0m  [1m[35mDROP TABLE IF EXISTS "likes" CASCADE[0m
  ↳ db/schema.rb:32
  [1m[35m (11.9ms)[0m  [1m[35mCREATE TABLE "likes" ("id" bigserial primary key, "created_at" timestamp NOT NULL, "updated_at" timestamp NOT NULL)[0m
  ↳ db/schema.rb:32
  [1m[35m (0.8ms)[0m  [1m[35mDROP TABLE IF EXISTS "reviews" CASCADE[0m
  ↳ db/schema.rb:37
  [1m[35m (15.3ms)[0m  [1m[35mCREATE TABLE "reviews" ("id" bigserial primary key, "review" character varying, "rating" integer, "user_id" bigint, "event_id" bigint, "created_at" timestamp NOT NULL, "updated_at" timestamp NOT NULL)[0m
  ↳ db/schema.rb:37
  [1m[35m (3.8ms)[0m  [1m[35mCREATE  INDEX  "index_reviews_on_event_id" ON "reviews"  ("event_id")[0m
  ↳ db/schema.rb:37
  [1m[35m (3.2ms)[0m  [1m[35mCREATE  INDEX  "index_reviews_on_user_id" ON "reviews"  ("user_id")[0m
  ↳ db/schema.rb:37
  [1m[35m (0.4ms)[0m  [1m[35mDROP TABLE IF EXISTS "tags" CASCADE[0m
  ↳ db/schema.rb:48
  [1m[35m (14.2ms)[0m  [1m[35mCREATE TABLE "tags" ("id" bigserial primary key, "tag" character varying, "created_at" timestamp NOT NULL, "updated_at" timestamp NOT NULL)[0m
  ↳ db/schema.rb:48
  [1m[35m (0.5ms)[0m  [1m[35mDROP TABLE IF EXISTS "users" CASCADE[0m
  ↳ db/schema.rb:54
  [1m[35m (16.9ms)[0m  [1m[35mCREATE TABLE "users" ("id" bigserial primary key, "username" character varying, "password_digest" character varying, "created_at" timestamp NOT NULL, "updated_at" timestamp NOT NULL)[0m
  ↳ db/schema.rb:54
  [1m[35m (6.6ms)[0m  [1m[35mALTER TABLE "reviews" ADD CONSTRAINT "fk_rails_6429803e23"
FOREIGN KEY ("event_id")
  REFERENCES "events" ("id")
[0m
  ↳ db/schema.rb:61
  [1m[35m (4.7ms)[0m  [1m[35mALTER TABLE "reviews" ADD CONSTRAINT "fk_rails_74a66bd6c5"
FOREIGN KEY ("user_id")
  REFERENCES "users" ("id")
[0m
  ↳ db/schema.rb:62
  [1m[35m (13.6ms)[0m  [1m[35mCREATE TABLE "schema_migrations" ("version" character varying NOT NULL PRIMARY KEY)[0m
  ↳ db/schema.rb:13
  [1m[35m (1.0ms)[0m  [1m[34mSELECT "schema_migrations"."version" FROM "schema_migrations" ORDER BY "schema_migrations"."version" ASC[0m
  ↳ db/schema.rb:13
  [1m[35m (2.5ms)[0m  [1m[32mINSERT INTO "schema_migrations" (version) VALUES (20181106044531)[0m
  ↳ db/schema.rb:13
  [1m[35m (3.4ms)[0m  [1m[32mINSERT INTO "schema_migrations" (version) VALUES
(20181106032918),
(20181106033056),
(20181106033140),
(20181106034318),
(20181106044502);

[0m
  ↳ db/schema.rb:13
  [1m[35m (8.2ms)[0m  [1m[35mCREATE TABLE "ar_internal_metadata" ("key" character varying NOT NULL PRIMARY KEY, "value" character varying, "created_at" timestamp NOT NULL, "updated_at" timestamp NOT NULL)[0m
  ↳ db/schema.rb:13
  [1m[36mActiveRecord::InternalMetadata Load (0.5ms)[0m  [1m[34mSELECT  "ar_internal_metadata".* FROM "ar_internal_metadata" WHERE "ar_internal_metadata"."key" = $1 LIMIT $2[0m  [["key", "environment"], ["LIMIT", 1]]
  ↳ db/schema.rb:13
  [1m[35m (0.2ms)[0m  [1m[35mBEGIN[0m
  ↳ db/schema.rb:13
  [1m[36mActiveRecord::InternalMetadata Create (0.9ms)[0m  [1m[32mINSERT INTO "ar_internal_metadata" ("key", "value", "created_at", "updated_at") VALUES ($1, $2, $3, $4) RETURNING "key"[0m  [["key", "environment"], ["value", "development"], ["created_at", "2018-11-06 04:49:31.679370"], ["updated_at", "2018-11-06 04:49:31.679370"]]
  ↳ db/schema.rb:13
  [1m[35m (2.1ms)[0m  [1m[35mCOMMIT[0m
  ↳ db/schema.rb:13
  [1m[36mActiveRecord::InternalMetadata Load (0.4ms)[0m  [1m[34mSELECT  "ar_internal_metadata".* FROM "ar_internal_metadata" WHERE "ar_internal_metadata"."key" = $1 LIMIT $2[0m  [["key", "environment"], ["LIMIT", 1]]
  ↳ /Users/YY/.rvm/gems/ruby-2.5.0@global/bin/rake:23
  [1m[35m (0.1ms)[0m  [1m[35mBEGIN[0m
  ↳ /Users/YY/.rvm/gems/ruby-2.5.0@global/bin/rake:23
  [1m[36mActiveRecord::InternalMetadata Update (0.5ms)[0m  [1m[33mUPDATE "ar_internal_metadata" SET "value" = $1, "updated_at" = $2 WHERE "ar_internal_metadata"."key" = $3[0m  [["value", "test"], ["updated_at", "2018-11-06 04:49:31.686842"], ["key", "environment"]]
  ↳ /Users/YY/.rvm/gems/ruby-2.5.0@global/bin/rake:23
  [1m[35m (2.0ms)[0m  [1m[35mCOMMIT[0m
  ↳ /Users/YY/.rvm/gems/ruby-2.5.0@global/bin/rake:23
  [1m[35m (1.1ms)[0m  [1m[34mSELECT "schema_migrations"."version" FROM "schema_migrations" ORDER BY "schema_migrations"."version" ASC[0m
  ↳ /Users/YY/.rvm/gems/ruby-2.5.0@global/bin/rake:23
  [1m[35m (1.9ms)[0m  [1m[34mSELECT "schema_migrations"."version" FROM "schema_migrations" ORDER BY "schema_migrations"."version" ASC[0m
  ↳ /Users/YY/.rvm/gems/ruby-2.5.0@global/bin/rake:23
  [1m[35m (0.6ms)[0m  [1m[34mSELECT "ar_internal_metadata"."value" FROM "ar_internal_metadata" WHERE "ar_internal_metadata"."key" = $1[0m  [["key", "environment"]]
  ↳ /Users/YY/.rvm/gems/ruby-2.5.0@global/bin/rake:23
  [1m[35m (0.4ms)[0m  [1m[34mSELECT "schema_migrations"."version" FROM "schema_migrations" ORDER BY "schema_migrations"."version" ASC[0m
  ↳ /Users/YY/.rvm/gems/ruby-2.5.0@global/bin/rake:23
  [1m[35m (0.3ms)[0m  [1m[34mSELECT "ar_internal_metadata"."value" FROM "ar_internal_metadata" WHERE "ar_internal_metadata"."key" = $1[0m  [["key", "environment"]]
  ↳ /Users/YY/.rvm/gems/ruby-2.5.0@global/bin/rake:23
  [1m[35m (0.4ms)[0m  [1m[34mSELECT "schema_migrations"."version" FROM "schema_migrations" ORDER BY "schema_migrations"."version" ASC[0m
  ↳ /Users/YY/.rvm/gems/ruby-2.5.0@global/bin/rake:23
  [1m[35m (0.3ms)[0m  [1m[34mSELECT "ar_internal_metadata"."value" FROM "ar_internal_metadata" WHERE "ar_internal_metadata"."key" = $1[0m  [["key", "environment"]]
  ↳ /Users/YY/.rvm/gems/ruby-2.5.0@global/bin/rake:23
  [1m[35m (143.3ms)[0m  [1m[35mDROP DATABASE IF EXISTS "playdate_development"[0m
  ↳ /Users/YY/.rvm/gems/ruby-2.5.0@global/bin/rake:23
  [1m[35m (139.0ms)[0m  [1m[35mDROP DATABASE IF EXISTS "playdate_test"[0m
  ↳ /Users/YY/.rvm/gems/ruby-2.5.0@global/bin/rake:23
  [1m[35m (415.1ms)[0m  [1m[35mCREATE DATABASE "playdate_development" ENCODING = 'unicode'[0m
  ↳ bin/rails:9
  [1m[35m (261.9ms)[0m  [1m[35mCREATE DATABASE "playdate_test" ENCODING = 'unicode'[0m
  ↳ bin/rails:9
  [1m[35m (25.2ms)[0m  [1m[35mCREATE TABLE "schema_migrations" ("version" character varying NOT NULL PRIMARY KEY)[0m
  ↳ bin/rails:9
  [1m[35m (24.9ms)[0m  [1m[35mCREATE TABLE "ar_internal_metadata" ("key" character varying NOT NULL PRIMARY KEY, "value" character varying, "created_at" timestamp NOT NULL, "updated_at" timestamp NOT NULL)[0m
  ↳ bin/rails:9
  [1m[35m (0.5ms)[0m  [1m[34mSELECT pg_try_advisory_lock(2958126879177119370)[0m
  ↳ bin/rails:9
  [1m[35m (1.1ms)[0m  [1m[34mSELECT "schema_migrations"."version" FROM "schema_migrations" ORDER BY "schema_migrations"."version" ASC[0m
  ↳ bin/rails:9
Migrating to CreateUsers (20181106032918)
  [1m[35m (0.4ms)[0m  [1m[35mBEGIN[0m
  ↳ bin/rails:9
  [1m[35m (20.2ms)[0m  [1m[35mCREATE TABLE "users" ("id" bigserial primary key, "username" character varying, "password_digest" character varying, "created_at" timestamp NOT NULL, "updated_at" timestamp NOT NULL)[0m
  ↳ db/migrate/20181106032918_create_users.rb:3
  [1m[36mActiveRecord::SchemaMigration Create (1.0ms)[0m  [1m[32mINSERT INTO "schema_migrations" ("version") VALUES ($1) RETURNING "version"[0m  [["version", "20181106032918"]]
  ↳ bin/rails:9
  [1m[35m (2.7ms)[0m  [1m[35mCOMMIT[0m
  ↳ bin/rails:9
Migrating to CreateEvents (20181106033056)
  [1m[35m (5.7ms)[0m  [1m[35mBEGIN[0m
  ↳ bin/rails:9
  [1m[35m (14.3ms)[0m  [1m[35mCREATE TABLE "events" ("id" bigserial primary key, "time" timestamp, "location" character varying, "img" character varying, "description" character varying, "created_at" timestamp NOT NULL, "updated_at" timestamp NOT NULL)[0m
  ↳ db/migrate/20181106033056_create_events.rb:3
  [1m[36mActiveRecord::SchemaMigration Create (0.4ms)[0m  [1m[32mINSERT INTO "schema_migrations" ("version") VALUES ($1) RETURNING "version"[0m  [["version", "20181106033056"]]
  ↳ bin/rails:9
  [1m[35m (2.2ms)[0m  [1m[35mCOMMIT[0m
  ↳ bin/rails:9
Migrating to CreateReviews (20181106033140)
  [1m[35m (6.4ms)[0m  [1m[35mBEGIN[0m
  ↳ bin/rails:9
  [1m[35m (19.3ms)[0m  [1m[35mCREATE TABLE "reviews" ("id" bigserial primary key, "review" character varying, "rating" integer, "user_id" bigint, "event_id" bigint, "created_at" timestamp NOT NULL, "updated_at" timestamp NOT NULL, CONSTRAINT "fk_rails_74a66bd6c5"
FOREIGN KEY ("user_id")
  REFERENCES "users" ("id")
, CONSTRAINT "fk_rails_6429803e23"
FOREIGN KEY ("event_id")
  REFERENCES "events" ("id")
)[0m
  ↳ db/migrate/20181106033140_create_reviews.rb:3
  [1m[35m (4.3ms)[0m  [1m[35mCREATE  INDEX  "index_reviews_on_user_id" ON "reviews"  ("user_id")[0m
  ↳ db/migrate/20181106033140_create_reviews.rb:3
  [1m[35m (2.9ms)[0m  [1m[35mCREATE  INDEX  "index_reviews_on_event_id" ON "reviews"  ("event_id")[0m
  ↳ db/migrate/20181106033140_create_reviews.rb:3
  [1m[36mActiveRecord::SchemaMigration Create (0.5ms)[0m  [1m[32mINSERT INTO "schema_migrations" ("version") VALUES ($1) RETURNING "version"[0m  [["version", "20181106033140"]]
  ↳ bin/rails:9
  [1m[35m (2.6ms)[0m  [1m[35mCOMMIT[0m
  ↳ bin/rails:9
Migrating to CreateTags (20181106034318)
  [1m[35m (6.6ms)[0m  [1m[35mBEGIN[0m
  ↳ bin/rails:9
  [1m[35m (16.4ms)[0m  [1m[35mCREATE TABLE "tags" ("id" bigserial primary key, "tag" character varying, "created_at" timestamp NOT NULL, "updated_at" timestamp NOT NULL)[0m
  ↳ db/migrate/20181106034318_create_tags.rb:3
  [1m[36mActiveRecord::SchemaMigration Create (2.0ms)[0m  [1m[32mINSERT INTO "schema_migrations" ("version") VALUES ($1) RETURNING "version"[0m  [["version", "20181106034318"]]
  ↳ bin/rails:9
  [1m[35m (2.3ms)[0m  [1m[35mCOMMIT[0m
  ↳ bin/rails:9
Migrating to CreateGos (20181106044502)
  [1m[35m (11.4ms)[0m  [1m[35mBEGIN[0m
  ↳ bin/rails:9
  [1m[35m (8.4ms)[0m  [1m[35mCREATE TABLE "gos" ("id" bigserial primary key, "created_at" timestamp NOT NULL, "updated_at" timestamp NOT NULL)[0m
  ↳ db/migrate/20181106044502_create_gos.rb:3
  [1m[36mActiveRecord::SchemaMigration Create (0.4ms)[0m  [1m[32mINSERT INTO "schema_migrations" ("version") VALUES ($1) RETURNING "version"[0m  [["version", "20181106044502"]]
  ↳ bin/rails:9
  [1m[35m (2.2ms)[0m  [1m[35mCOMMIT[0m
  ↳ bin/rails:9
Migrating to CreateLikes (20181106044531)
  [1m[35m (12.0ms)[0m  [1m[35mBEGIN[0m
  ↳ bin/rails:9
  [1m[35m (10.1ms)[0m  [1m[35mCREATE TABLE "likes" ("id" bigserial primary key, "created_at" timestamp NOT NULL, "updated_at" timestamp NOT NULL)[0m
  ↳ db/migrate/20181106044531_create_likes.rb:3
  [1m[36mActiveRecord::SchemaMigration Create (0.8ms)[0m  [1m[32mINSERT INTO "schema_migrations" ("version") VALUES ($1) RETURNING "version"[0m  [["version", "20181106044531"]]
  ↳ bin/rails:9
  [1m[35m (2.4ms)[0m  [1m[35mCOMMIT[0m
  ↳ bin/rails:9
  [1m[36mActiveRecord::InternalMetadata Load (1.5ms)[0m  [1m[34mSELECT  "ar_internal_metadata".* FROM "ar_internal_metadata" WHERE "ar_internal_metadata"."key" = $1 LIMIT $2[0m  [["key", "environment"], ["LIMIT", 1]]
  ↳ bin/rails:9
  [1m[35m (0.3ms)[0m  [1m[35mBEGIN[0m
  ↳ bin/rails:9
  [1m[36mActiveRecord::InternalMetadata Create (0.7ms)[0m  [1m[32mINSERT INTO "ar_internal_metadata" ("key", "value", "created_at", "updated_at") VALUES ($1, $2, $3, $4) RETURNING "key"[0m  [["key", "environment"], ["value", "development"], ["created_at", "2018-11-06 04:51:45.240535"], ["updated_at", "2018-11-06 04:51:45.240535"]]
  ↳ bin/rails:9
  [1m[35m (4.9ms)[0m  [1m[35mCOMMIT[0m
  ↳ bin/rails:9
  [1m[35m (0.4ms)[0m  [1m[34mSELECT pg_advisory_unlock(2958126879177119370)[0m
  ↳ bin/rails:9
  [1m[35m (0.4ms)[0m  [1m[34mSELECT "schema_migrations"."version" FROM "schema_migrations" ORDER BY "schema_migrations"."version" ASC[0m
  ↳ bin/rails:9
Started GET "/" for 127.0.0.1 at 2018-11-05 23:53:50 -0500
  [1m[35m (1.8ms)[0m  [1m[34mSELECT "schema_migrations"."version" FROM "schema_migrations" ORDER BY "schema_migrations"."version" ASC[0m
  ↳ .bundle/gems/activerecord-5.2.1/lib/active_record/log_subscriber.rb:98
Processing by Rails::WelcomeController#index as HTML
  Rendering .bundle/gems/railties-5.2.1/lib/rails/templates/rails/welcome/index.html.erb
  Rendered .bundle/gems/railties-5.2.1/lib/rails/templates/rails/welcome/index.html.erb (8.8ms)
Completed 200 OK in 42ms (Views: 32.8ms | ActiveRecord: 0.0ms)


Started GET "/favicon.ico" for 127.0.0.1 at 2018-11-05 23:53:51 -0500
  
ActionController::RoutingError (No route matches [GET] "/favicon.ico"):
  
.bundle/gems/actionpack-5.2.1/lib/action_dispatch/middleware/debug_exceptions.rb:65:in `call'
.bundle/gems/actionpack-5.2.1/lib/action_dispatch/middleware/show_exceptions.rb:33:in `call'
.bundle/gems/railties-5.2.1/lib/rails/rack/logger.rb:38:in `call_app'
.bundle/gems/railties-5.2.1/lib/rails/rack/logger.rb:26:in `block in call'
.bundle/gems/activesupport-5.2.1/lib/active_support/tagged_logging.rb:71:in `block in tagged'
.bundle/gems/activesupport-5.2.1/lib/active_support/tagged_logging.rb:28:in `tagged'
.bundle/gems/activesupport-5.2.1/lib/active_support/tagged_logging.rb:71:in `tagged'
.bundle/gems/railties-5.2.1/lib/rails/rack/logger.rb:26:in `call'
.bundle/gems/actionpack-5.2.1/lib/action_dispatch/middleware/remote_ip.rb:81:in `call'
.bundle/gems/actionpack-5.2.1/lib/action_dispatch/middleware/request_id.rb:27:in `call'
.bundle/gems/rack-2.0.6/lib/rack/runtime.rb:22:in `call'
.bundle/gems/activesupport-5.2.1/lib/active_support/cache/strategy/local_cache_middleware.rb:29:in `call'
.bundle/gems/actionpack-5.2.1/lib/action_dispatch/middleware/executor.rb:14:in `call'
.bundle/gems/actionpack-5.2.1/lib/action_dispatch/middleware/static.rb:127:in `call'
.bundle/gems/rack-2.0.6/lib/rack/sendfile.rb:111:in `call'
.bundle/gems/rack-cors-1.0.2/lib/rack/cors.rb:97:in `call'
.bundle/gems/railties-5.2.1/lib/rails/engine.rb:524:in `call'
.bundle/gems/puma-3.12.0/lib/puma/configuration.rb:225:in `call'
.bundle/gems/puma-3.12.0/lib/puma/server.rb:658:in `handle_request'
.bundle/gems/puma-3.12.0/lib/puma/server.rb:472:in `process_client'
.bundle/gems/puma-3.12.0/lib/puma/server.rb:332:in `block in run'
.bundle/gems/puma-3.12.0/lib/puma/thread_pool.rb:133:in `block in spawn_thread'
